[inclusiveminds.in/index.html]
[inclusiveminds.in/apple-touch-icon.png]
[inclusiveminds.in/favicon-32x32.png]
[inclusiveminds.in/favicon-16x16.png]
[backblue.gif]
[fade.gif]
[index.html]
[inclusiveminds.in/images/inclusive_minds_1200x675.jpg]
[inclusiveminds.in/images/inclusive_minds_1200x627.jpg]
[cdn.jsdelivr.net/npm/bootstrap@5.3.0-alpha1/dist/css/bootstrap.min.css]
[inclusiveminds.in/css/style6421.css]
[cdnjs.cloudflare.com/ajax/libs/font-awesome/6.7.2/css/all.min.css]
[inclusiveminds.in/nehru-fellowship.html]
[inclusiveminds.in/nf_2023.html]
[inclusiveminds.in/nf_2024.html]
[inclusiveminds.in/nf_2025.html]
[inclusiveminds.in/wise.html]
[inclusiveminds.in/wise_2025.html]
[inclusiveminds.in/wise_2026.html]
[inclusiveminds.in/images/mainvideo.webm]
[inclusiveminds.in/images/mainvideo.mp4]
[inclusiveminds.in/index.html]
[inclusiveminds.in/site.html]
[cdn.jsdelivr.net/npm/bootstrap@5.3.0-alpha1/dist/css/bootstrap.min.css]
[cdnjs.cloudflare.com/ajax/libs/font-awesome/6.7.2/css/all.min.css]
[inclusiveminds.in/images/background.jpg]
[cdn.jsdelivr.net/npm/bootstrap@5.3.0-alpha1/dist/js/bootstrap.bundle.min.js]
[inclusiveminds.in/css/style6421.css]
[inclusiveminds.in/images/logo.svg]
[inclusiveminds.in/css/style008c.css]
[inclusiveminds.in/nehru-fellowship.html]
[cdn.jsdelivr.net/npm/vanilla-lazyload@19.1.3/dist/lazyload.min.js]
[inclusiveminds.in/images/nfs/Vikram.png]
[inclusiveminds.in/images/nfs/Sunil.png]
[inclusiveminds.in/images/nfs/jehosh paul.png]
[inclusiveminds.in/images/nfs/Prithvi.png]
[inclusiveminds.in/images/nfs/Prateek.png]
[inclusiveminds.in/images/nfs/Aishwarya_0018_Layer-1.png]
[inclusiveminds.in/images/nfs/Habib.png]
[inclusiveminds.in/images/nfs/Thomas.png]
[inclusiveminds.in/images/nfs/Tanuvi .png]
[inclusiveminds.in/images/nfs/Harshita.png]
[inclusiveminds.in/images/nfs/Sanskriti.png]
[inclusiveminds.in/images/nfs/Juned.png]
[inclusiveminds.in/images/nfs/Suvidhi.png]
[inclusiveminds.in/images/nfs/Hirak.png]
[inclusiveminds.in/images/nfs/Nisarg.png]
[inclusiveminds.in/images/nfs/Anandita.png]
[inclusiveminds.in/images/nfs/Varun.png]
[inclusiveminds.in/images/nfs/Ritesh.png]
[inclusiveminds.in/images/nfs/Swati.png]
[inclusiveminds.in/images/nfs/Aastha.png]
[inclusiveminds.in/nf_2023.html]
[code.jquery.com/jquery-3.6.0.min.js]
[inclusiveminds.in/images/nfs/Shriya.png]
[inclusiveminds.in/images/nfs/Azeem.png]
[inclusiveminds.in/images/nfs/Garima-Goel.png]
[inclusiveminds.in/images/nfs/Samiksha.png]
[inclusiveminds.in/images/nfs/Rohit Kumar V.png]
[inclusiveminds.in/images/nfs/Rochana B.png]
[inclusiveminds.in/images/nfs/Rutwik Khasnis.png]
[inclusiveminds.in/images/nfs/Akshay Bhagwat.png]
[inclusiveminds.in/images/nfs/Chaitanya.png]
[inclusiveminds.in/images/nfs/Aarushi Shekhar.png]
[inclusiveminds.in/images/nfs/Hargun.png]
[inclusiveminds.in/images/nfs/Siddharth.png]
[inclusiveminds.in/images/nfs/soumya.png]
[inclusiveminds.in/images/nfs/Ekshika.png]
[inclusiveminds.in/nf_2024.html]
[inclusiveminds.in/images/nfs/2025/RylaaSinghNavraj.png]
[inclusiveminds.in/images/nfs/2025/Tushar Rajput.png]
[inclusiveminds.in/images/nfs/2025/Jaya.png]
[inclusiveminds.in/images/nfs/2025/Vivan Mukherjee.png]
[inclusiveminds.in/images/nfs/2025/RimshaKhan.png]
[inclusiveminds.in/images/nfs/2025/PrachiBhuckal.png]
[inclusiveminds.in/images/nfs/2025/ShubhamAiri.png]
[inclusiveminds.in/images/nfs/2025/SHIVANGI_SINGH.png]
[inclusiveminds.in/images/nfs/2025/Abhishek Pisharody.png]
[inclusiveminds.in/images/nfs/2025/FaizAshraf.png]
[inclusiveminds.in/images/nfs/2025/Mansi Thakare_.png]
[inclusiveminds.in/images/nfs/2025/Talha_Malik.png]
[inclusiveminds.in/images/nfs/2025/Atul Ranjan.png]
[inclusiveminds.in/images/nfs/2025/Nishat Qasmi.png]
[inclusiveminds.in/images/nfs/2025/Saurabh Photo.png]
[inclusiveminds.in/images/nfs/2025/ZulfikarAhmed.png]
[inclusiveminds.in/images/nfs/2025/Siddharth Jha.png]
[inclusiveminds.in/images/nfs/2025/ParulHarbansh.png]
[inclusiveminds.in/images/nfs/2025/ANIMESH_NF0041.png]
[inclusiveminds.in/images/nfs/2025/Madhav.png]
[inclusiveminds.in/nf_2025.html]
[inclusiveminds.in/images/wise_bg3f71.jpg]
[inclusiveminds.in/wise.html]
[inclusiveminds.in/images/wise/2025/Apoorva Singh.png]
[inclusiveminds.in/images/wise/2025/Lucy Grace Tang.png]
[inclusiveminds.in/images/wise/2025/Kaushiki Ishwar.png]
[inclusiveminds.in/images/wise/2025/Prerana Tiwari.png]
[inclusiveminds.in/images/wise/2025/Salony.png]
[inclusiveminds.in/images/wise/2025/Roshni Veronika Mallick.png]
[inclusiveminds.in/images/wise/2025/Muskan Punia.png]
[inclusiveminds.in/images/wise/2025/Navneedhi Meena.png]
[inclusiveminds.in/images/wise/2025/Rituparna Shekhar.png]
[inclusiveminds.in/images/wise/2025/Yukti Kapil.png]
[inclusiveminds.in/images/wise/2025/Samyuktha Anuram.png]
[inclusiveminds.in/images/wise/2025/harshita.png]
[inclusiveminds.in/images/wise/2025/Vidhi Sharma.png]
[inclusiveminds.in/images/wise/2025/Pranjal Chauhan.png]
[inclusiveminds.in/images/wise/2025/Jigmet Norzin.png]
[inclusiveminds.in/images/wise/2025/Rashmika Sharma.png]
[inclusiveminds.in/images/wise/2025/Sandra Maria Varghese.png]
[inclusiveminds.in/images/wise/2025/Anoushka.png]
[inclusiveminds.in/images/wise/2025/Thenthamizh S.png]
[inclusiveminds.in/images/wise/2025/Santhiya M.png]
[inclusiveminds.in/images/wise/2025/Garvita Maheshwari.png]
[inclusiveminds.in/wise_2025.html]
[inclusiveminds.in/images/wise/2026/Bhumika Mahajan.png]
[inclusiveminds.in/images/wise/2026/Arshi Khan.png]
[inclusiveminds.in/images/wise/2026/Megha Rani Pradhan.png]
[inclusiveminds.in/images/wise/2026/Charu Singh Rathore.png]
[inclusiveminds.in/images/wise/2026/Poorvi Patil.png]
[inclusiveminds.in/images/wise/2026/Aleena Paul.png]
[inclusiveminds.in/images/wise/2026/Nalanda Basu.png]
[inclusiveminds.in/images/wise/2026/Riya Mishra.png]
[inclusiveminds.in/images/wise/2026/Mohini Choubey.png]
[inclusiveminds.in/wise_2026.html]
[inclusiveminds.in/images/mainvideo.webm]
[inclusiveminds.in/images/mainvideo.mp4]
[inclusiveminds.in/css/style008c.css]
[inclusiveminds.in/images/nehru-caricature.svg]
[inclusiveminds.in/nf/users/index.html]
[inclusiveminds.in/nf/index.html]
[inclusiveminds.in/images/og-image.html]
[inclusiveminds.in/images/nfs/Aastha.png]
[inclusiveminds.in/images/nfs/Aarushi Shekhar.png]
[inclusiveminds.in/images/nfs/2025/Saurabh Photo.png]
[inclusiveminds.in/images/nfs/2025/Siddharth Jha.png]
[inclusiveminds.in/images/wise-logof9e3.svg]
[inclusiveminds.in/images/nfs/2025/Madhav.png]
[inclusiveminds.in/wise/users/index.html]
[inclusiveminds.in/wise/index.html]
[inclusiveminds.in/nf/img/nehru-fellowship-inclusive-mindsf700.png]
[cdn.jsdelivr.net/npm/bootstrap@5.1.3/dist/css/bootstrap.min.css]
[inclusiveminds.in/nf/css/stylef700.css]
[inclusiveminds.in/index-2.html]
[inclusiveminds.in/nf/users/forgot_password.html]
[inclusiveminds.in/nf/users/index.html]
[cdn.jsdelivr.net/npm/bootstrap@5.1.3/dist/js/bootstrap.bundle.min.js]
[inclusiveminds.in/wise/css/stylef700.css]
[inclusiveminds.in/wise/users/forgot_password.html]
[inclusiveminds.in/wise/users/index.html]
[cdn.jsdelivr.net/npm/bootstrap@5.1.3/dist/css/bootstrap.min.css]
[inclusiveminds.in/nf/css/stylef700.css]
[inclusiveminds.in/index-2.html]
[inclusiveminds.in/nf/users.html]
[inclusiveminds.in/nf/users/forgot_password.html]
[inclusiveminds.in/wise/img/wise-program-inclusive-mindsf700.html]
[inclusiveminds.in/wise/css/stylef700.css]
[inclusiveminds.in/wise/img/wise-logo-color.svg]
[inclusiveminds.in/wise/users.html]
[inclusiveminds.in/wise/users/forgot_password.html]
[inclusiveminds.in/nf/users.html]
[inclusiveminds.in/wise/users.html]
